<?xml version="1.0" encoding="UTF-8"?>
<!-- Generated by org.testng.reporters.JUnitXMLReporter -->
<testsuite ignored="0" hostname="mukesh" failures="0" tests="7" name="ChromeTest" time="58.306" errors="0" timestamp="2025-06-29T12:53:29 IST">
  <testcase classname="Base.BaseClassLocal" name="@BeforeMethod setup" time="2.331">
    <failure type="java.lang.RuntimeException" message="Browser setup failed for: Firefox">
      <![CDATA[java.lang.RuntimeException: Browser setup failed for: Firefox
at Base.BaseClassLocal.setup(BaseClassLocal.java:115)
at java.base/java.util.ArrayList.forEach(ArrayList.java:1596)
at java.base/java.util.concurrent.FutureTask.run(FutureTask.java:317)
at java.base/java.util.concurrent.ThreadPoolExecutor.runWorker(ThreadPoolExecutor.java:1144)
at java.base/java.util.concurrent.ThreadPoolExecutor$Worker.run(ThreadPoolExecutor.java:642)
at java.base/java.lang.Thread.run(Thread.java:1583)
Caused by: org.openqa.selenium.SessionNotCreatedException: Could not start a new session. Response code 500. Message: Process unexpectedly closed with status 0 
Host info: host: 'MUKESH', ip: '192.168.1.8'
Build info: version: '4.28.1', revision: '73f5ad48a2'
System info: os.name: 'Windows 11', os.arch: 'amd64', os.version: '10.0', java.version: '21.0.6'
Driver info: org.openqa.selenium.firefox.FirefoxDriver
Command: [null, newSession {capabilities=[Capabilities {acceptInsecureCerts: true, browserName: firefox, moz:debuggerAddress: true, moz:firefoxOptions: {args: [--headless, --disable-gpu], prefs: {remote.active-protocols: 3}}}]}]
at org.openqa.selenium.remote.ProtocolHandshake.createSession(ProtocolHandshake.java:114)
at org.openqa.selenium.remote.ProtocolHandshake.createSession(ProtocolHandshake.java:75)
at org.openqa.selenium.remote.ProtocolHandshake.createSession(ProtocolHandshake.java:61)
at org.openqa.selenium.remote.HttpCommandExecutor.execute(HttpCommandExecutor.java:187)
at org.openqa.selenium.remote.service.DriverCommandExecutor.invokeExecute(DriverCommandExecutor.java:216)
at org.openqa.selenium.remote.service.DriverCommandExecutor.execute(DriverCommandExecutor.java:174)
at org.openqa.selenium.remote.RemoteWebDriver.execute(RemoteWebDriver.java:545)
at org.openqa.selenium.remote.RemoteWebDriver.startSession(RemoteWebDriver.java:245)
at org.openqa.selenium.remote.RemoteWebDriver.<init>(RemoteWebDriver.java:174)
at org.openqa.selenium.firefox.FirefoxDriver.<init>(FirefoxDriver.java:155)
at org.openqa.selenium.firefox.FirefoxDriver.<init>(FirefoxDriver.java:150)
at org.openqa.selenium.firefox.FirefoxDriver.<init>(FirefoxDriver.java:132)
at org.openqa.selenium.firefox.FirefoxDriver.<init>(FirefoxDriver.java:127)
at org.openqa.selenium.firefox.FirefoxDriver.<init>(FirefoxDriver.java:112)
at Base.BaseClassLocal.setup(BaseClassLocal.java:91)
... 24 more
... Removed 19 stack frames]]>
    </failure>
  </testcase> <!-- @BeforeMethod setup -->
  <testcase classname="TestCases.herokuapp_Local" name="TestLogin" time="4.815"/>
  <testcase classname="TestCases.herokuapp_Local" name="TestLogin" time="8.099"/>
  <testcase classname="TestCases.herokuapp_Local" name="TestLogin" time="6.204"/>
  <testcase classname="TestCases.herokuapp_Local" name="TestLogin" time="4.441"/>
  <testcase classname="TestCases.herokuapp_Local" name="inValidLogin" time="9.953"/>
  <testcase classname="TestCases.herokuapp_Local" name="JsAlert" time="4.151"/>
  <testcase classname="TestCases.herokuapp_Local" name="searchGoogle" time="1.757"/>
</testsuite> <!-- ChromeTest -->
