<?xml version="1.0" encoding="UTF-8"?>
<!-- Generated by org.testng.reporters.JUnitXMLReporter -->
<testsuite ignored="0" hostname="mukesh" failures="0" tests="3" name="EdgeTest" time="0.221" errors="0" timestamp="2025-04-13T11:51:47 IST">
  <testcase classname="Base.BaseClassLocal" name="@BeforeMethod setup" time="0.003">
    <failure type="java.lang.NullPointerException" message="Cannot invoke &amp;quot;com.aventstack.extentreports.ExtentReports.createTest(String)&amp;quot; because &amp;quot;this.extent&amp;quot; is null">
      <![CDATA[java.lang.NullPointerException: Cannot invoke "com.aventstack.extentreports.ExtentReports.createTest(String)" because "this.extent" is null
at Base.BaseClassLocal.setup(BaseClassLocal.java:46)
at java.base/java.util.ArrayList.forEach(ArrayList.java:1511)
at java.base/java.util.concurrent.FutureTask.run(FutureTask.java:264)
at java.base/java.util.concurrent.ThreadPoolExecutor.runWorker(ThreadPoolExecutor.java:1136)
at java.base/java.util.concurrent.ThreadPoolExecutor$Worker.run(ThreadPoolExecutor.java:635)
at java.base/java.lang.Thread.run(Thread.java:840)
... Removed 22 stack frames]]>
    </failure>
  </testcase> <!-- @BeforeMethod setup -->
  <testcase classname="Base.BaseClassLocal" name="@AfterMethod teardown" time="-1.744525306889E9">
    <skipped/>
  </testcase> <!-- @AfterMethod teardown -->
  <testcase classname="Base.BaseClassLocal" name="@BeforeMethod setup" time="-1.744525306895E9">
    <skipped/>
  </testcase> <!-- @BeforeMethod setup -->
  <testcase classname="Base.BaseClassLocal" name="@AfterMethod teardown" time="-1.744525306942E9">
    <skipped/>
  </testcase> <!-- @AfterMethod teardown -->
  <testcase classname="Base.BaseClassLocal" name="@BeforeMethod setup" time="-1.744525306948E9">
    <skipped/>
  </testcase> <!-- @BeforeMethod setup -->
  <testcase classname="Base.BaseClassLocal" name="@AfterMethod teardown" time="-1.744525307021E9">
    <skipped/>
  </testcase> <!-- @AfterMethod teardown -->
  <testcase classname="TestCases.herokuapp_Local" name="ValidLogin" time="0.0">
    <skipped/>
  </testcase> <!-- ValidLogin -->
  <testcase classname="TestCases.herokuapp_Local" name="inValidLogin" time="0.0">
    <skipped/>
  </testcase> <!-- inValidLogin -->
  <testcase classname="TestCases.herokuapp_Local" name="JsAlert" time="0.0">
    <skipped/>
  </testcase> <!-- JsAlert -->
</testsuite> <!-- EdgeTest -->
