<!DOCTYPE html>

<html>
  <head>
  <meta charset='utf-8'>
  <title>TestNG reports</title>

    <link type="text/css" href="testng-reports1.css" rel="stylesheet" id="ultra" />
    <link type="text/css" href="testng-reports.css" rel="stylesheet" id="retro" disabled="false"/>
    <script type="text/javascript" src="jquery-3.6.0.min.js"></script>
    <script type="text/javascript" src="testng-reports.js"></script>
    <script type="text/javascript" src="https://www.google.com/jsapi"></script>
    <script type='text/javascript'>
      google.load('visualization', '1', {packages:['table']});
      google.setOnLoadCallback(drawTable);
      var suiteTableInitFunctions = new Array();
      var suiteTableData = new Array();
    </script>
    <!--
      <script type="text/javascript" src="jquery-ui/js/jquery-ui-1.8.16.custom.min.js"></script>
     -->
  </head>

  <body>    <div class="top-banner-root">
      <span class="top-banner-title-font">Test results</span>
      <button id="button" class="button">Switch Retro Theme</button> <!-- button -->
      <br/>
      <span class="top-banner-font-1">1 suite</span>
    </div> <!-- top-banner-root -->
    <div class="navigator-root">
      <div class="navigator-suite-header">
        <span>All suites</span>
        <a href="#" title="Collapse/expand all the suites" class="collapse-all-link">
          <img src="collapseall.gif" class="collapse-all-icon">
          </img> <!-- collapse-all-icon -->
        </a> <!-- collapse-all-link -->
      </div> <!-- navigator-suite-header -->
      <div class="suite">
        <div class="rounded-window">
          <div class="suite-header light-rounded-window-top">
            <a href="#" panel-name="suite-CrossBrowserSuite" class="navigator-link">
              <span class="suite-name border-skipped">CrossBrowserSuite</span>
            </a> <!-- navigator-link -->
          </div> <!-- suite-header light-rounded-window-top -->
          <div class="navigator-suite-content">
            <div class="suite-section-title">
              <span>Info</span>
            </div> <!-- suite-section-title -->
            <div class="suite-section-content">
              <ul>
                <li>
                  <a href="#" panel-name="test-xml-CrossBrowserSuite" class="navigator-link ">
                    <span>C:\Users\mukes\eclipse-workspace\LambdaTest\testngLocal.xml</span>
                  </a> <!-- navigator-link  -->
                </li>
                <li>
                  <a href="#" panel-name="testlist-CrossBrowserSuite" class="navigator-link ">
                    <span class="test-stats">3 tests</span>
                  </a> <!-- navigator-link  -->
                </li>
                <li>
                  <a href="#" panel-name="group-CrossBrowserSuite" class="navigator-link ">
                    <span>0 groups</span>
                  </a> <!-- navigator-link  -->
                </li>
                <li>
                  <a href="#" panel-name="times-CrossBrowserSuite" class="navigator-link ">
                    <span>Times</span>
                  </a> <!-- navigator-link  -->
                </li>
                <li>
                  <a href="#" panel-name="reporter-CrossBrowserSuite" class="navigator-link ">
                    <span>Reporter output</span>
                  </a> <!-- navigator-link  -->
                </li>
                <li>
                  <a href="#" panel-name="ignored-methods-CrossBrowserSuite" class="navigator-link ">
                    <span>Ignored methods</span>
                  </a> <!-- navigator-link  -->
                </li>
                <li>
                  <a href="#" panel-name="chronological-CrossBrowserSuite" class="navigator-link ">
                    <span>Chronological view</span>
                  </a> <!-- navigator-link  -->
                </li>
              </ul>
            </div> <!-- suite-section-content -->
            <div class="result-section">
              <div class="suite-section-title">
                <span>Results</span>
              </div> <!-- suite-section-title -->
              <div class="suite-section-content">
                <ul>
                  <li>
                    <span class="method-stats">21 methods,  6 skipped,  15 passed</span>
                  </li>
                  <li>
                    <span class="method-list-title skipped">Skipped methods</span>
                    <span class="show-or-hide-methods skipped">
                      <a href="#" panel-name="suite-CrossBrowserSuite" class="hide-methods skipped suite-CrossBrowserSuite"> (hide)</a> <!-- hide-methods skipped suite-CrossBrowserSuite -->
                      <a href="#" panel-name="suite-CrossBrowserSuite" class="show-methods skipped suite-CrossBrowserSuite"> (show)</a> <!-- show-methods skipped suite-CrossBrowserSuite -->
                    </span>
                    <div class="method-list-content skipped suite-CrossBrowserSuite">
                      <span>
                        <img src="skipped.png" width="3%"/>
                        <a href="#" panel-name="suite-CrossBrowserSuite" title="TestCases.herokuapp_Local" class="method navigator-link" hash-for-method="JsAlert">JsAlert</a> <!-- method navigator-link -->
                      </span>
                      <br/>
                      <span>
                        <img src="skipped.png" width="3%"/>
                        <a href="#" panel-name="suite-CrossBrowserSuite" title="TestCases.herokuapp_Local" class="method navigator-link" hash-for-method="TestLogin(tomsmith, SuperSecretPassword!)">TestLogin(tomsmith, SuperSecretPassword!)</a> <!-- method navigator-link -->
                      </span>
                      <br/>
                      <span>
                        <img src="skipped.png" width="3%"/>
                        <a href="#" panel-name="suite-CrossBrowserSuite" title="TestCases.herokuapp_Local" class="method navigator-link" hash-for-method="TestLogin(tomsmith, SuperSecretPassword!)">TestLogin(tomsmith, SuperSecretPassword!)</a> <!-- method navigator-link -->
                      </span>
                      <br/>
                      <span>
                        <img src="skipped.png" width="3%"/>
                        <a href="#" panel-name="suite-CrossBrowserSuite" title="TestCases.herokuapp_Local" class="method navigator-link" hash-for-method="TestLogin(username, password)">TestLogin(username, password)</a> <!-- method navigator-link -->
                      </span>
                      <br/>
                      <span>
                        <img src="skipped.png" width="3%"/>
                        <a href="#" panel-name="suite-CrossBrowserSuite" title="TestCases.herokuapp_Local" class="method navigator-link" hash-for-method="inValidLogin">inValidLogin</a> <!-- method navigator-link -->
                      </span>
                      <br/>
                      <span>
                        <img src="skipped.png" width="3%"/>
                        <a href="#" panel-name="suite-CrossBrowserSuite" title="TestCases.herokuapp_Local" class="method navigator-link" hash-for-method="searchGoogle">searchGoogle</a> <!-- method navigator-link -->
                      </span>
                      <br/>
                    </div> <!-- method-list-content skipped suite-CrossBrowserSuite -->
                  </li>
                  <li>
                    <span class="method-list-title passed">Passed methods</span>
                    <span class="show-or-hide-methods passed">
                      <a href="#" panel-name="suite-CrossBrowserSuite" class="hide-methods passed suite-CrossBrowserSuite"> (hide)</a> <!-- hide-methods passed suite-CrossBrowserSuite -->
                      <a href="#" panel-name="suite-CrossBrowserSuite" class="show-methods passed suite-CrossBrowserSuite"> (show)</a> <!-- show-methods passed suite-CrossBrowserSuite -->
                    </span>
                    <div class="method-list-content passed suite-CrossBrowserSuite">
                      <span>
                        <img src="passed.png" width="3%"/>
                        <a href="#" panel-name="suite-CrossBrowserSuite" title="TestCases.herokuapp_Local" class="method navigator-link" hash-for-method="JsAlert">JsAlert</a> <!-- method navigator-link -->
                      </span>
                      <br/>
                      <span>
                        <img src="passed.png" width="3%"/>
                        <a href="#" panel-name="suite-CrossBrowserSuite" title="TestCases.herokuapp_Local" class="method navigator-link" hash-for-method="JsAlert">JsAlert</a> <!-- method navigator-link -->
                      </span>
                      <br/>
                      <span>
                        <img src="passed.png" width="3%"/>
                        <a href="#" panel-name="suite-CrossBrowserSuite" title="TestCases.herokuapp_Local" class="method navigator-link" hash-for-method="TestLogin(tomsmith, SuperSecretPassword!)">TestLogin(tomsmith, SuperSecretPassword!)</a> <!-- method navigator-link -->
                      </span>
                      <br/>
                      <span>
                        <img src="passed.png" width="3%"/>
                        <a href="#" panel-name="suite-CrossBrowserSuite" title="TestCases.herokuapp_Local" class="method navigator-link" hash-for-method="TestLogin(tomsmith, SuperSecretPassword!)">TestLogin(tomsmith, SuperSecretPassword!)</a> <!-- method navigator-link -->
                      </span>
                      <br/>
                      <span>
                        <img src="passed.png" width="3%"/>
                        <a href="#" panel-name="suite-CrossBrowserSuite" title="TestCases.herokuapp_Local" class="method navigator-link" hash-for-method="TestLogin(username, password)">TestLogin(username, password)</a> <!-- method navigator-link -->
                      </span>
                      <br/>
                      <span>
                        <img src="passed.png" width="3%"/>
                        <a href="#" panel-name="suite-CrossBrowserSuite" title="TestCases.herokuapp_Local" class="method navigator-link" hash-for-method="TestLogin(tomsmith, SuperSecretPassword!)">TestLogin(tomsmith, SuperSecretPassword!)</a> <!-- method navigator-link -->
                      </span>
                      <br/>
                      <span>
                        <img src="passed.png" width="3%"/>
                        <a href="#" panel-name="suite-CrossBrowserSuite" title="TestCases.herokuapp_Local" class="method navigator-link" hash-for-method="TestLogin(tomsmith, SuperSecretPassword!)">TestLogin(tomsmith, SuperSecretPassword!)</a> <!-- method navigator-link -->
                      </span>
                      <br/>
                      <span>
                        <img src="passed.png" width="3%"/>
                        <a href="#" panel-name="suite-CrossBrowserSuite" title="TestCases.herokuapp_Local" class="method navigator-link" hash-for-method="TestLogin(username, password)">TestLogin(username, password)</a> <!-- method navigator-link -->
                      </span>
                      <br/>
                      <span>
                        <img src="passed.png" width="3%"/>
                        <a href="#" panel-name="suite-CrossBrowserSuite" title="TestCases.herokuapp_Local" class="method navigator-link" hash-for-method="TestLogin(tomsmith, SuperSecretPassword!)">TestLogin(tomsmith, SuperSecretPassword!)</a> <!-- method navigator-link -->
                      </span>
                      <br/>
                      <span>
                        <img src="passed.png" width="3%"/>
                        <a href="#" panel-name="suite-CrossBrowserSuite" title="TestCases.herokuapp_Local" class="method navigator-link" hash-for-method="TestLogin(tomsmith, SuperSecretPassword!)">TestLogin(tomsmith, SuperSecretPassword!)</a> <!-- method navigator-link -->
                      </span>
                      <br/>
                      <span>
                        <img src="passed.png" width="3%"/>
                        <a href="#" panel-name="suite-CrossBrowserSuite" title="TestCases.herokuapp_Local" class="method navigator-link" hash-for-method="TestLogin(tomsmith, SuperSecretPassword!)">TestLogin(tomsmith, SuperSecretPassword!)</a> <!-- method navigator-link -->
                      </span>
                      <br/>
                      <span>
                        <img src="passed.png" width="3%"/>
                        <a href="#" panel-name="suite-CrossBrowserSuite" title="TestCases.herokuapp_Local" class="method navigator-link" hash-for-method="inValidLogin">inValidLogin</a> <!-- method navigator-link -->
                      </span>
                      <br/>
                      <span>
                        <img src="passed.png" width="3%"/>
                        <a href="#" panel-name="suite-CrossBrowserSuite" title="TestCases.herokuapp_Local" class="method navigator-link" hash-for-method="inValidLogin">inValidLogin</a> <!-- method navigator-link -->
                      </span>
                      <br/>
                      <span>
                        <img src="passed.png" width="3%"/>
                        <a href="#" panel-name="suite-CrossBrowserSuite" title="TestCases.herokuapp_Local" class="method navigator-link" hash-for-method="searchGoogle">searchGoogle</a> <!-- method navigator-link -->
                      </span>
                      <br/>
                      <span>
                        <img src="passed.png" width="3%"/>
                        <a href="#" panel-name="suite-CrossBrowserSuite" title="TestCases.herokuapp_Local" class="method navigator-link" hash-for-method="searchGoogle">searchGoogle</a> <!-- method navigator-link -->
                      </span>
                      <br/>
                    </div> <!-- method-list-content passed suite-CrossBrowserSuite -->
                  </li>
                </ul>
              </div> <!-- suite-section-content -->
            </div> <!-- result-section -->
          </div> <!-- navigator-suite-content -->
        </div> <!-- rounded-window -->
      </div> <!-- suite -->
    </div> <!-- navigator-root -->
    <div class="wrapper">
      <div class="main-panel-root">
        <div panel-name="suite-CrossBrowserSuite" class="panel CrossBrowserSuite">
          <div class="suite-CrossBrowserSuite-class-skipped">
            <div class="main-panel-header rounded-window-top">
              <img src="skipped.png"/>
              <span class="class-name">TestCases.herokuapp_Local</span>
            </div> <!-- main-panel-header rounded-window-top -->
            <div class="main-panel-content rounded-window-bottom">
              <div class="method">
                <div class="method-content">
                  <a name="JsAlert">
                  </a> <!-- JsAlert -->
                  <span class="method-name">JsAlert</span>
                  <div class="stack-trace">java.lang.RuntimeException: Browser setup failed for: Firefox
	at Base.BaseClassLocal.setup(BaseClassLocal.java:115)
	at java.base/java.util.ArrayList.forEach(ArrayList.java:1596)
	at java.base/java.util.concurrent.FutureTask.run(FutureTask.java:317)
	at java.base/java.util.concurrent.ThreadPoolExecutor.runWorker(ThreadPoolExecutor.java:1144)
	at java.base/java.util.concurrent.ThreadPoolExecutor$Worker.run(ThreadPoolExecutor.java:642)
	at java.base/java.lang.Thread.run(Thread.java:1583)
Caused by: org.openqa.selenium.SessionNotCreatedException: Could not start a new session. Response code 500. Message: Process unexpectedly closed with status 0 
Host info: host: &apos;MUKESH&apos;, ip: &apos;192.168.1.8&apos;
Build info: version: &apos;4.28.1&apos;, revision: &apos;73f5ad48a2&apos;
System info: os.name: &apos;Windows 11&apos;, os.arch: &apos;amd64&apos;, os.version: &apos;10.0&apos;, java.version: &apos;21.0.6&apos;
Driver info: org.openqa.selenium.firefox.FirefoxDriver
Command: [null, newSession {capabilities=[Capabilities {acceptInsecureCerts: true, browserName: firefox, moz:debuggerAddress: true, moz:firefoxOptions: {args: [--headless, --disable-gpu], prefs: {remote.active-protocols: 3}}}]}]
	at org.openqa.selenium.remote.ProtocolHandshake.createSession(ProtocolHandshake.java:114)
	at org.openqa.selenium.remote.ProtocolHandshake.createSession(ProtocolHandshake.java:75)
	at org.openqa.selenium.remote.ProtocolHandshake.createSession(ProtocolHandshake.java:61)
	at org.openqa.selenium.remote.HttpCommandExecutor.execute(HttpCommandExecutor.java:187)
	at org.openqa.selenium.remote.service.DriverCommandExecutor.invokeExecute(DriverCommandExecutor.java:216)
	at org.openqa.selenium.remote.service.DriverCommandExecutor.execute(DriverCommandExecutor.java:174)
	at org.openqa.selenium.remote.RemoteWebDriver.execute(RemoteWebDriver.java:545)
	at org.openqa.selenium.remote.RemoteWebDriver.startSession(RemoteWebDriver.java:245)
	at org.openqa.selenium.remote.RemoteWebDriver.&lt;init&gt;(RemoteWebDriver.java:174)
	at org.openqa.selenium.firefox.FirefoxDriver.&lt;init&gt;(FirefoxDriver.java:155)
	at org.openqa.selenium.firefox.FirefoxDriver.&lt;init&gt;(FirefoxDriver.java:150)
	at org.openqa.selenium.firefox.FirefoxDriver.&lt;init&gt;(FirefoxDriver.java:132)
	at org.openqa.selenium.firefox.FirefoxDriver.&lt;init&gt;(FirefoxDriver.java:127)
	at org.openqa.selenium.firefox.FirefoxDriver.&lt;init&gt;(FirefoxDriver.java:112)
	at Base.BaseClassLocal.setup(BaseClassLocal.java:91)
	... 24 more
... Removed 19 stack frames
</div> <!-- stack-trace -->
                </div> <!-- method-content -->
              </div> <!-- method -->
              <div class="method">
                <div class="method-content">
                  <a name="TestLogin(tomsmith, SuperSecretPassword!)">
                  </a> <!-- TestLogin(tomsmith, SuperSecretPassword!) -->
                  <span class="method-name">TestLogin</span>
                  <span class="parameters">(tomsmith,SuperSecretPassword!)</span>
                  <div class="stack-trace">java.lang.RuntimeException: Browser setup failed for: Firefox
	at Base.BaseClassLocal.setup(BaseClassLocal.java:115)
	at java.base/java.util.ArrayList.forEach(ArrayList.java:1596)
	at java.base/java.util.concurrent.FutureTask.run(FutureTask.java:317)
	at java.base/java.util.concurrent.ThreadPoolExecutor.runWorker(ThreadPoolExecutor.java:1144)
	at java.base/java.util.concurrent.ThreadPoolExecutor$Worker.run(ThreadPoolExecutor.java:642)
	at java.base/java.lang.Thread.run(Thread.java:1583)
Caused by: org.openqa.selenium.SessionNotCreatedException: Could not start a new session. Response code 500. Message: Process unexpectedly closed with status 0 
Host info: host: &apos;MUKESH&apos;, ip: &apos;192.168.1.8&apos;
Build info: version: &apos;4.28.1&apos;, revision: &apos;73f5ad48a2&apos;
System info: os.name: &apos;Windows 11&apos;, os.arch: &apos;amd64&apos;, os.version: &apos;10.0&apos;, java.version: &apos;21.0.6&apos;
Driver info: org.openqa.selenium.firefox.FirefoxDriver
Command: [null, newSession {capabilities=[Capabilities {acceptInsecureCerts: true, browserName: firefox, moz:debuggerAddress: true, moz:firefoxOptions: {args: [--headless, --disable-gpu], prefs: {remote.active-protocols: 3}}}]}]
	at org.openqa.selenium.remote.ProtocolHandshake.createSession(ProtocolHandshake.java:114)
	at org.openqa.selenium.remote.ProtocolHandshake.createSession(ProtocolHandshake.java:75)
	at org.openqa.selenium.remote.ProtocolHandshake.createSession(ProtocolHandshake.java:61)
	at org.openqa.selenium.remote.HttpCommandExecutor.execute(HttpCommandExecutor.java:187)
	at org.openqa.selenium.remote.service.DriverCommandExecutor.invokeExecute(DriverCommandExecutor.java:216)
	at org.openqa.selenium.remote.service.DriverCommandExecutor.execute(DriverCommandExecutor.java:174)
	at org.openqa.selenium.remote.RemoteWebDriver.execute(RemoteWebDriver.java:545)
	at org.openqa.selenium.remote.RemoteWebDriver.startSession(RemoteWebDriver.java:245)
	at org.openqa.selenium.remote.RemoteWebDriver.&lt;init&gt;(RemoteWebDriver.java:174)
	at org.openqa.selenium.firefox.FirefoxDriver.&lt;init&gt;(FirefoxDriver.java:155)
	at org.openqa.selenium.firefox.FirefoxDriver.&lt;init&gt;(FirefoxDriver.java:150)
	at org.openqa.selenium.firefox.FirefoxDriver.&lt;init&gt;(FirefoxDriver.java:132)
	at org.openqa.selenium.firefox.FirefoxDriver.&lt;init&gt;(FirefoxDriver.java:127)
	at org.openqa.selenium.firefox.FirefoxDriver.&lt;init&gt;(FirefoxDriver.java:112)
	at Base.BaseClassLocal.setup(BaseClassLocal.java:91)
	... 24 more
... Removed 19 stack frames
</div> <!-- stack-trace -->
                </div> <!-- method-content -->
              </div> <!-- method -->
              <div class="method">
                <div class="method-content">
                  <a name="TestLogin(tomsmith, SuperSecretPassword!)">
                  </a> <!-- TestLogin(tomsmith, SuperSecretPassword!) -->
                  <span class="method-name">TestLogin</span>
                  <span class="parameters">(tomsmith,SuperSecretPassword!)</span>
                  <div class="stack-trace">java.lang.RuntimeException: Browser setup failed for: Firefox
	at Base.BaseClassLocal.setup(BaseClassLocal.java:115)
	at java.base/java.util.ArrayList.forEach(ArrayList.java:1596)
	at java.base/java.util.concurrent.FutureTask.run(FutureTask.java:317)
	at java.base/java.util.concurrent.ThreadPoolExecutor.runWorker(ThreadPoolExecutor.java:1144)
	at java.base/java.util.concurrent.ThreadPoolExecutor$Worker.run(ThreadPoolExecutor.java:642)
	at java.base/java.lang.Thread.run(Thread.java:1583)
Caused by: org.openqa.selenium.SessionNotCreatedException: Could not start a new session. Response code 500. Message: Process unexpectedly closed with status 0 
Host info: host: &apos;MUKESH&apos;, ip: &apos;192.168.1.8&apos;
Build info: version: &apos;4.28.1&apos;, revision: &apos;73f5ad48a2&apos;
System info: os.name: &apos;Windows 11&apos;, os.arch: &apos;amd64&apos;, os.version: &apos;10.0&apos;, java.version: &apos;21.0.6&apos;
Driver info: org.openqa.selenium.firefox.FirefoxDriver
Command: [null, newSession {capabilities=[Capabilities {acceptInsecureCerts: true, browserName: firefox, moz:debuggerAddress: true, moz:firefoxOptions: {args: [--headless, --disable-gpu], prefs: {remote.active-protocols: 3}}}]}]
	at org.openqa.selenium.remote.ProtocolHandshake.createSession(ProtocolHandshake.java:114)
	at org.openqa.selenium.remote.ProtocolHandshake.createSession(ProtocolHandshake.java:75)
	at org.openqa.selenium.remote.ProtocolHandshake.createSession(ProtocolHandshake.java:61)
	at org.openqa.selenium.remote.HttpCommandExecutor.execute(HttpCommandExecutor.java:187)
	at org.openqa.selenium.remote.service.DriverCommandExecutor.invokeExecute(DriverCommandExecutor.java:216)
	at org.openqa.selenium.remote.service.DriverCommandExecutor.execute(DriverCommandExecutor.java:174)
	at org.openqa.selenium.remote.RemoteWebDriver.execute(RemoteWebDriver.java:545)
	at org.openqa.selenium.remote.RemoteWebDriver.startSession(RemoteWebDriver.java:245)
	at org.openqa.selenium.remote.RemoteWebDriver.&lt;init&gt;(RemoteWebDriver.java:174)
	at org.openqa.selenium.firefox.FirefoxDriver.&lt;init&gt;(FirefoxDriver.java:155)
	at org.openqa.selenium.firefox.FirefoxDriver.&lt;init&gt;(FirefoxDriver.java:150)
	at org.openqa.selenium.firefox.FirefoxDriver.&lt;init&gt;(FirefoxDriver.java:132)
	at org.openqa.selenium.firefox.FirefoxDriver.&lt;init&gt;(FirefoxDriver.java:127)
	at org.openqa.selenium.firefox.FirefoxDriver.&lt;init&gt;(FirefoxDriver.java:112)
	at Base.BaseClassLocal.setup(BaseClassLocal.java:91)
	... 24 more
... Removed 19 stack frames
</div> <!-- stack-trace -->
                </div> <!-- method-content -->
              </div> <!-- method -->
              <div class="method">
                <div class="method-content">
                  <a name="TestLogin(username, password)">
                  </a> <!-- TestLogin(username, password) -->
                  <span class="method-name">TestLogin</span>
                  <span class="parameters">(username,password)</span>
                  <div class="stack-trace">java.lang.RuntimeException: Browser setup failed for: Firefox
	at Base.BaseClassLocal.setup(BaseClassLocal.java:115)
	at java.base/java.util.ArrayList.forEach(ArrayList.java:1596)
	at java.base/java.util.concurrent.FutureTask.run(FutureTask.java:317)
	at java.base/java.util.concurrent.ThreadPoolExecutor.runWorker(ThreadPoolExecutor.java:1144)
	at java.base/java.util.concurrent.ThreadPoolExecutor$Worker.run(ThreadPoolExecutor.java:642)
	at java.base/java.lang.Thread.run(Thread.java:1583)
Caused by: org.openqa.selenium.SessionNotCreatedException: Could not start a new session. Response code 500. Message: Process unexpectedly closed with status 0 
Host info: host: &apos;MUKESH&apos;, ip: &apos;192.168.1.8&apos;
Build info: version: &apos;4.28.1&apos;, revision: &apos;73f5ad48a2&apos;
System info: os.name: &apos;Windows 11&apos;, os.arch: &apos;amd64&apos;, os.version: &apos;10.0&apos;, java.version: &apos;21.0.6&apos;
Driver info: org.openqa.selenium.firefox.FirefoxDriver
Command: [null, newSession {capabilities=[Capabilities {acceptInsecureCerts: true, browserName: firefox, moz:debuggerAddress: true, moz:firefoxOptions: {args: [--headless, --disable-gpu], prefs: {remote.active-protocols: 3}}}]}]
	at org.openqa.selenium.remote.ProtocolHandshake.createSession(ProtocolHandshake.java:114)
	at org.openqa.selenium.remote.ProtocolHandshake.createSession(ProtocolHandshake.java:75)
	at org.openqa.selenium.remote.ProtocolHandshake.createSession(ProtocolHandshake.java:61)
	at org.openqa.selenium.remote.HttpCommandExecutor.execute(HttpCommandExecutor.java:187)
	at org.openqa.selenium.remote.service.DriverCommandExecutor.invokeExecute(DriverCommandExecutor.java:216)
	at org.openqa.selenium.remote.service.DriverCommandExecutor.execute(DriverCommandExecutor.java:174)
	at org.openqa.selenium.remote.RemoteWebDriver.execute(RemoteWebDriver.java:545)
	at org.openqa.selenium.remote.RemoteWebDriver.startSession(RemoteWebDriver.java:245)
	at org.openqa.selenium.remote.RemoteWebDriver.&lt;init&gt;(RemoteWebDriver.java:174)
	at org.openqa.selenium.firefox.FirefoxDriver.&lt;init&gt;(FirefoxDriver.java:155)
	at org.openqa.selenium.firefox.FirefoxDriver.&lt;init&gt;(FirefoxDriver.java:150)
	at org.openqa.selenium.firefox.FirefoxDriver.&lt;init&gt;(FirefoxDriver.java:132)
	at org.openqa.selenium.firefox.FirefoxDriver.&lt;init&gt;(FirefoxDriver.java:127)
	at org.openqa.selenium.firefox.FirefoxDriver.&lt;init&gt;(FirefoxDriver.java:112)
	at Base.BaseClassLocal.setup(BaseClassLocal.java:91)
	... 24 more
... Removed 19 stack frames
</div> <!-- stack-trace -->
                </div> <!-- method-content -->
              </div> <!-- method -->
              <div class="method">
                <div class="method-content">
                  <a name="inValidLogin">
                  </a> <!-- inValidLogin -->
                  <span class="method-name">inValidLogin</span>
                  <div class="stack-trace">java.lang.RuntimeException: Browser setup failed for: Firefox
	at Base.BaseClassLocal.setup(BaseClassLocal.java:115)
	at java.base/java.util.ArrayList.forEach(ArrayList.java:1596)
	at java.base/java.util.concurrent.FutureTask.run(FutureTask.java:317)
	at java.base/java.util.concurrent.ThreadPoolExecutor.runWorker(ThreadPoolExecutor.java:1144)
	at java.base/java.util.concurrent.ThreadPoolExecutor$Worker.run(ThreadPoolExecutor.java:642)
	at java.base/java.lang.Thread.run(Thread.java:1583)
Caused by: org.openqa.selenium.SessionNotCreatedException: Could not start a new session. Response code 500. Message: Process unexpectedly closed with status 0 
Host info: host: &apos;MUKESH&apos;, ip: &apos;192.168.1.8&apos;
Build info: version: &apos;4.28.1&apos;, revision: &apos;73f5ad48a2&apos;
System info: os.name: &apos;Windows 11&apos;, os.arch: &apos;amd64&apos;, os.version: &apos;10.0&apos;, java.version: &apos;21.0.6&apos;
Driver info: org.openqa.selenium.firefox.FirefoxDriver
Command: [null, newSession {capabilities=[Capabilities {acceptInsecureCerts: true, browserName: firefox, moz:debuggerAddress: true, moz:firefoxOptions: {args: [--headless, --disable-gpu], prefs: {remote.active-protocols: 3}}}]}]
	at org.openqa.selenium.remote.ProtocolHandshake.createSession(ProtocolHandshake.java:114)
	at org.openqa.selenium.remote.ProtocolHandshake.createSession(ProtocolHandshake.java:75)
	at org.openqa.selenium.remote.ProtocolHandshake.createSession(ProtocolHandshake.java:61)
	at org.openqa.selenium.remote.HttpCommandExecutor.execute(HttpCommandExecutor.java:187)
	at org.openqa.selenium.remote.service.DriverCommandExecutor.invokeExecute(DriverCommandExecutor.java:216)
	at org.openqa.selenium.remote.service.DriverCommandExecutor.execute(DriverCommandExecutor.java:174)
	at org.openqa.selenium.remote.RemoteWebDriver.execute(RemoteWebDriver.java:545)
	at org.openqa.selenium.remote.RemoteWebDriver.startSession(RemoteWebDriver.java:245)
	at org.openqa.selenium.remote.RemoteWebDriver.&lt;init&gt;(RemoteWebDriver.java:174)
	at org.openqa.selenium.firefox.FirefoxDriver.&lt;init&gt;(FirefoxDriver.java:155)
	at org.openqa.selenium.firefox.FirefoxDriver.&lt;init&gt;(FirefoxDriver.java:150)
	at org.openqa.selenium.firefox.FirefoxDriver.&lt;init&gt;(FirefoxDriver.java:132)
	at org.openqa.selenium.firefox.FirefoxDriver.&lt;init&gt;(FirefoxDriver.java:127)
	at org.openqa.selenium.firefox.FirefoxDriver.&lt;init&gt;(FirefoxDriver.java:112)
	at Base.BaseClassLocal.setup(BaseClassLocal.java:91)
	... 24 more
... Removed 19 stack frames
</div> <!-- stack-trace -->
                </div> <!-- method-content -->
              </div> <!-- method -->
              <div class="method">
                <div class="method-content">
                  <a name="searchGoogle">
                  </a> <!-- searchGoogle -->
                  <span class="method-name">searchGoogle</span>
                  <div class="stack-trace">java.lang.RuntimeException: Browser setup failed for: Firefox
	at Base.BaseClassLocal.setup(BaseClassLocal.java:115)
	at java.base/java.util.ArrayList.forEach(ArrayList.java:1596)
	at java.base/java.util.concurrent.FutureTask.run(FutureTask.java:317)
	at java.base/java.util.concurrent.ThreadPoolExecutor.runWorker(ThreadPoolExecutor.java:1144)
	at java.base/java.util.concurrent.ThreadPoolExecutor$Worker.run(ThreadPoolExecutor.java:642)
	at java.base/java.lang.Thread.run(Thread.java:1583)
Caused by: org.openqa.selenium.SessionNotCreatedException: Could not start a new session. Response code 500. Message: Process unexpectedly closed with status 0 
Host info: host: &apos;MUKESH&apos;, ip: &apos;192.168.1.8&apos;
Build info: version: &apos;4.28.1&apos;, revision: &apos;73f5ad48a2&apos;
System info: os.name: &apos;Windows 11&apos;, os.arch: &apos;amd64&apos;, os.version: &apos;10.0&apos;, java.version: &apos;21.0.6&apos;
Driver info: org.openqa.selenium.firefox.FirefoxDriver
Command: [null, newSession {capabilities=[Capabilities {acceptInsecureCerts: true, browserName: firefox, moz:debuggerAddress: true, moz:firefoxOptions: {args: [--headless, --disable-gpu], prefs: {remote.active-protocols: 3}}}]}]
	at org.openqa.selenium.remote.ProtocolHandshake.createSession(ProtocolHandshake.java:114)
	at org.openqa.selenium.remote.ProtocolHandshake.createSession(ProtocolHandshake.java:75)
	at org.openqa.selenium.remote.ProtocolHandshake.createSession(ProtocolHandshake.java:61)
	at org.openqa.selenium.remote.HttpCommandExecutor.execute(HttpCommandExecutor.java:187)
	at org.openqa.selenium.remote.service.DriverCommandExecutor.invokeExecute(DriverCommandExecutor.java:216)
	at org.openqa.selenium.remote.service.DriverCommandExecutor.execute(DriverCommandExecutor.java:174)
	at org.openqa.selenium.remote.RemoteWebDriver.execute(RemoteWebDriver.java:545)
	at org.openqa.selenium.remote.RemoteWebDriver.startSession(RemoteWebDriver.java:245)
	at org.openqa.selenium.remote.RemoteWebDriver.&lt;init&gt;(RemoteWebDriver.java:174)
	at org.openqa.selenium.firefox.FirefoxDriver.&lt;init&gt;(FirefoxDriver.java:155)
	at org.openqa.selenium.firefox.FirefoxDriver.&lt;init&gt;(FirefoxDriver.java:150)
	at org.openqa.selenium.firefox.FirefoxDriver.&lt;init&gt;(FirefoxDriver.java:132)
	at org.openqa.selenium.firefox.FirefoxDriver.&lt;init&gt;(FirefoxDriver.java:127)
	at org.openqa.selenium.firefox.FirefoxDriver.&lt;init&gt;(FirefoxDriver.java:112)
	at Base.BaseClassLocal.setup(BaseClassLocal.java:91)
	... 24 more
... Removed 19 stack frames
</div> <!-- stack-trace -->
                </div> <!-- method-content -->
              </div> <!-- method -->
            </div> <!-- main-panel-content rounded-window-bottom -->
          </div> <!-- suite-CrossBrowserSuite-class-skipped -->
          <div class="suite-CrossBrowserSuite-class-passed">
            <div class="main-panel-header rounded-window-top">
              <img src="passed.png"/>
              <span class="class-name">TestCases.herokuapp_Local</span>
            </div> <!-- main-panel-header rounded-window-top -->
            <div class="main-panel-content rounded-window-bottom">
              <div class="method">
                <div class="method-content">
                  <a name="JsAlert">
                  </a> <!-- JsAlert -->
                  <span class="method-name">JsAlert</span>
                </div> <!-- method-content -->
              </div> <!-- method -->
              <div class="method">
                <div class="method-content">
                  <a name="JsAlert">
                  </a> <!-- JsAlert -->
                  <span class="method-name">JsAlert</span>
                </div> <!-- method-content -->
              </div> <!-- method -->
              <div class="method">
                <div class="method-content">
                  <a name="TestLogin(tomsmith, SuperSecretPassword!)">
                  </a> <!-- TestLogin(tomsmith, SuperSecretPassword!) -->
                  <span class="method-name">TestLogin</span>
                  <span class="parameters">(tomsmith,SuperSecretPassword!)</span>
                </div> <!-- method-content -->
              </div> <!-- method -->
              <div class="method">
                <div class="method-content">
                  <a name="TestLogin(tomsmith, SuperSecretPassword!)">
                  </a> <!-- TestLogin(tomsmith, SuperSecretPassword!) -->
                  <span class="method-name">TestLogin</span>
                  <span class="parameters">(tomsmith,SuperSecretPassword!)</span>
                </div> <!-- method-content -->
              </div> <!-- method -->
              <div class="method">
                <div class="method-content">
                  <a name="TestLogin(username, password)">
                  </a> <!-- TestLogin(username, password) -->
                  <span class="method-name">TestLogin</span>
                  <span class="parameters">(username,password)</span>
                </div> <!-- method-content -->
              </div> <!-- method -->
              <div class="method">
                <div class="method-content">
                  <a name="TestLogin(tomsmith, SuperSecretPassword!)">
                  </a> <!-- TestLogin(tomsmith, SuperSecretPassword!) -->
                  <span class="method-name">TestLogin</span>
                  <span class="parameters">(tomsmith,SuperSecretPassword!)</span>
                </div> <!-- method-content -->
              </div> <!-- method -->
              <div class="method">
                <div class="method-content">
                  <a name="TestLogin(tomsmith, SuperSecretPassword!)">
                  </a> <!-- TestLogin(tomsmith, SuperSecretPassword!) -->
                  <span class="method-name">TestLogin</span>
                  <span class="parameters">(tomsmith,SuperSecretPassword!)</span>
                </div> <!-- method-content -->
              </div> <!-- method -->
              <div class="method">
                <div class="method-content">
                  <a name="TestLogin(username, password)">
                  </a> <!-- TestLogin(username, password) -->
                  <span class="method-name">TestLogin</span>
                  <span class="parameters">(username,password)</span>
                </div> <!-- method-content -->
              </div> <!-- method -->
              <div class="method">
                <div class="method-content">
                  <a name="TestLogin(tomsmith, SuperSecretPassword!)">
                  </a> <!-- TestLogin(tomsmith, SuperSecretPassword!) -->
                  <span class="method-name">TestLogin</span>
                  <span class="parameters">(tomsmith,SuperSecretPassword!)</span>
                </div> <!-- method-content -->
              </div> <!-- method -->
              <div class="method">
                <div class="method-content">
                  <a name="TestLogin(tomsmith, SuperSecretPassword!)">
                  </a> <!-- TestLogin(tomsmith, SuperSecretPassword!) -->
                  <span class="method-name">TestLogin</span>
                  <span class="parameters">(tomsmith,SuperSecretPassword!)</span>
                </div> <!-- method-content -->
              </div> <!-- method -->
              <div class="method">
                <div class="method-content">
                  <a name="TestLogin(tomsmith, SuperSecretPassword!)">
                  </a> <!-- TestLogin(tomsmith, SuperSecretPassword!) -->
                  <span class="method-name">TestLogin</span>
                  <span class="parameters">(tomsmith,SuperSecretPassword!)</span>
                </div> <!-- method-content -->
              </div> <!-- method -->
              <div class="method">
                <div class="method-content">
                  <a name="inValidLogin">
                  </a> <!-- inValidLogin -->
                  <span class="method-name">inValidLogin</span>
                </div> <!-- method-content -->
              </div> <!-- method -->
              <div class="method">
                <div class="method-content">
                  <a name="inValidLogin">
                  </a> <!-- inValidLogin -->
                  <span class="method-name">inValidLogin</span>
                </div> <!-- method-content -->
              </div> <!-- method -->
              <div class="method">
                <div class="method-content">
                  <a name="searchGoogle">
                  </a> <!-- searchGoogle -->
                  <span class="method-name">searchGoogle</span>
                </div> <!-- method-content -->
              </div> <!-- method -->
              <div class="method">
                <div class="method-content">
                  <a name="searchGoogle">
                  </a> <!-- searchGoogle -->
                  <span class="method-name">searchGoogle</span>
                </div> <!-- method-content -->
              </div> <!-- method -->
            </div> <!-- main-panel-content rounded-window-bottom -->
          </div> <!-- suite-CrossBrowserSuite-class-passed -->
        </div> <!-- panel CrossBrowserSuite -->
        <div panel-name="test-xml-CrossBrowserSuite" class="panel">
          <div class="main-panel-header rounded-window-top">
            <span class="header-content">C:\Users\mukes\eclipse-workspace\LambdaTest\testngLocal.xml</span>
          </div> <!-- main-panel-header rounded-window-top -->
          <div class="main-panel-content rounded-window-bottom">
            <pre>
&lt;?xml version=&quot;1.0&quot; encoding=&quot;UTF-8&quot;?&gt;
&lt;!DOCTYPE suite SYSTEM &quot;https://testng.org/testng-1.0.dtd&quot;&gt;
&lt;suite thread-count=&quot;18&quot; parallel=&quot;tests&quot; name=&quot;CrossBrowserSuite&quot; guice-stage=&quot;DEVELOPMENT&quot; verbose=&quot;0&quot;&gt;
  &lt;test thread-count=&quot;18&quot; parallel=&quot;tests&quot; name=&quot;ChromeTest&quot; verbose=&quot;0&quot;&gt;
    &lt;parameter name=&quot;browser&quot; value=&quot;chrome&quot;/&gt;
    &lt;parameter name=&quot;browserVersion&quot; value=&quot;latest&quot;/&gt;
    &lt;parameter name=&quot;platform&quot; value=&quot;local&quot;/&gt;
    &lt;classes&gt;
      &lt;class name=&quot;TestCases.herokuapp_Local&quot;/&gt;
    &lt;/classes&gt;
  &lt;/test&gt; &lt;!-- ChromeTest --&gt;
  &lt;test thread-count=&quot;18&quot; parallel=&quot;tests&quot; name=&quot;FirefoxTest&quot; verbose=&quot;0&quot;&gt;
    &lt;parameter name=&quot;browser&quot; value=&quot;Firefox&quot;/&gt;
    &lt;parameter name=&quot;browserVersion&quot; value=&quot;latest&quot;/&gt;
    &lt;parameter name=&quot;platform&quot; value=&quot;local&quot;/&gt;
    &lt;classes&gt;
      &lt;class name=&quot;TestCases.herokuapp_Local&quot;/&gt;
    &lt;/classes&gt;
  &lt;/test&gt; &lt;!-- FirefoxTest --&gt;
  &lt;test thread-count=&quot;18&quot; parallel=&quot;tests&quot; name=&quot;edgeTest&quot; verbose=&quot;0&quot;&gt;
    &lt;parameter name=&quot;browser&quot; value=&quot;edge&quot;/&gt;
    &lt;parameter name=&quot;browserVersion&quot; value=&quot;latest&quot;/&gt;
    &lt;parameter name=&quot;platform&quot; value=&quot;local&quot;/&gt;
    &lt;classes&gt;
      &lt;class name=&quot;TestCases.herokuapp_Local&quot;/&gt;
    &lt;/classes&gt;
  &lt;/test&gt; &lt;!-- edgeTest --&gt;
&lt;/suite&gt; &lt;!-- CrossBrowserSuite --&gt;
            </pre>
          </div> <!-- main-panel-content rounded-window-bottom -->
        </div> <!-- panel -->
        <div panel-name="testlist-CrossBrowserSuite" class="panel">
          <div class="main-panel-header rounded-window-top">
            <span class="header-content">Tests for CrossBrowserSuite</span>
          </div> <!-- main-panel-header rounded-window-top -->
          <div class="main-panel-content rounded-window-bottom">
            <ul>
              <li>
                <span class="test-name">ChromeTest (1 class)</span>
              </li>
              <li>
                <span class="test-name">FirefoxTest (1 class)</span>
              </li>
              <li>
                <span class="test-name">edgeTest (1 class)</span>
              </li>
            </ul>
          </div> <!-- main-panel-content rounded-window-bottom -->
        </div> <!-- panel -->
        <div panel-name="group-CrossBrowserSuite" class="panel">
          <div class="main-panel-header rounded-window-top">
            <span class="header-content">Groups for CrossBrowserSuite</span>
          </div> <!-- main-panel-header rounded-window-top -->
          <div class="main-panel-content rounded-window-bottom">
          </div> <!-- main-panel-content rounded-window-bottom -->
        </div> <!-- panel -->
        <div panel-name="times-CrossBrowserSuite" class="panel">
          <div class="main-panel-header rounded-window-top">
            <span class="header-content">Times for CrossBrowserSuite</span>
          </div> <!-- main-panel-header rounded-window-top -->
          <div class="main-panel-content rounded-window-bottom">
            <div class="times-div">
              <script type="text/javascript">
suiteTableInitFunctions.push('tableData_CrossBrowserSuite');
function tableData_CrossBrowserSuite() {
var data = new google.visualization.DataTable();
data.addColumn('number', 'Number');
data.addColumn('string', 'Method');
data.addColumn('string', 'Class');
data.addColumn('number', 'Time (ms)');
data.addRows(21);
data.setCell(0, 0, 0)
data.setCell(0, 1, 'inValidLogin')
data.setCell(0, 2, 'TestCases.herokuapp_Local')
data.setCell(0, 3, 9953);
data.setCell(1, 0, 1)
data.setCell(1, 1, 'TestLogin')
data.setCell(1, 2, 'TestCases.herokuapp_Local')
data.setCell(1, 3, 8922);
data.setCell(2, 0, 2)
data.setCell(2, 1, 'TestLogin')
data.setCell(2, 2, 'TestCases.herokuapp_Local')
data.setCell(2, 3, 8560);
data.setCell(3, 0, 3)
data.setCell(3, 1, 'TestLogin')
data.setCell(3, 2, 'TestCases.herokuapp_Local')
data.setCell(3, 3, 8099);
data.setCell(4, 0, 4)
data.setCell(4, 1, 'inValidLogin')
data.setCell(4, 2, 'TestCases.herokuapp_Local')
data.setCell(4, 3, 7507);
data.setCell(5, 0, 5)
data.setCell(5, 1, 'TestLogin')
data.setCell(5, 2, 'TestCases.herokuapp_Local')
data.setCell(5, 3, 6287);
data.setCell(6, 0, 6)
data.setCell(6, 1, 'TestLogin')
data.setCell(6, 2, 'TestCases.herokuapp_Local')
data.setCell(6, 3, 6204);
data.setCell(7, 0, 7)
data.setCell(7, 1, 'TestLogin')
data.setCell(7, 2, 'TestCases.herokuapp_Local')
data.setCell(7, 3, 5827);
data.setCell(8, 0, 8)
data.setCell(8, 1, 'JsAlert')
data.setCell(8, 2, 'TestCases.herokuapp_Local')
data.setCell(8, 3, 5556);
data.setCell(9, 0, 9)
data.setCell(9, 1, 'TestLogin')
data.setCell(9, 2, 'TestCases.herokuapp_Local')
data.setCell(9, 3, 5550);
data.setCell(10, 0, 10)
data.setCell(10, 1, 'TestLogin')
data.setCell(10, 2, 'TestCases.herokuapp_Local')
data.setCell(10, 3, 4815);
data.setCell(11, 0, 11)
data.setCell(11, 1, 'TestLogin')
data.setCell(11, 2, 'TestCases.herokuapp_Local')
data.setCell(11, 3, 4441);
data.setCell(12, 0, 12)
data.setCell(12, 1, 'JsAlert')
data.setCell(12, 2, 'TestCases.herokuapp_Local')
data.setCell(12, 3, 4151);
data.setCell(13, 0, 13)
data.setCell(13, 1, 'searchGoogle')
data.setCell(13, 2, 'TestCases.herokuapp_Local')
data.setCell(13, 3, 1757);
data.setCell(14, 0, 14)
data.setCell(14, 1, 'searchGoogle')
data.setCell(14, 2, 'TestCases.herokuapp_Local')
data.setCell(14, 3, 1695);
data.setCell(15, 0, 15)
data.setCell(15, 1, 'TestLogin')
data.setCell(15, 2, 'TestCases.herokuapp_Local')
data.setCell(15, 3, 0);
data.setCell(16, 0, 16)
data.setCell(16, 1, 'searchGoogle')
data.setCell(16, 2, 'TestCases.herokuapp_Local')
data.setCell(16, 3, 0);
data.setCell(17, 0, 17)
data.setCell(17, 1, 'inValidLogin')
data.setCell(17, 2, 'TestCases.herokuapp_Local')
data.setCell(17, 3, 0);
data.setCell(18, 0, 18)
data.setCell(18, 1, 'TestLogin')
data.setCell(18, 2, 'TestCases.herokuapp_Local')
data.setCell(18, 3, 0);
data.setCell(19, 0, 19)
data.setCell(19, 1, 'TestLogin')
data.setCell(19, 2, 'TestCases.herokuapp_Local')
data.setCell(19, 3, 0);
data.setCell(20, 0, 20)
data.setCell(20, 1, 'JsAlert')
data.setCell(20, 2, 'TestCases.herokuapp_Local')
data.setCell(20, 3, 0);
window.suiteTableData['CrossBrowserSuite']= { tableData: data, tableDiv: 'times-div-CrossBrowserSuite'}
return data;
}
              </script>
              <span class="suite-total-time">Total running time: 1 minutes</span>
              <div id="times-div-CrossBrowserSuite">
              </div> <!-- times-div-CrossBrowserSuite -->
            </div> <!-- times-div -->
          </div> <!-- main-panel-content rounded-window-bottom -->
        </div> <!-- panel -->
        <div panel-name="reporter-CrossBrowserSuite" class="panel">
          <div class="main-panel-header rounded-window-top">
            <span class="header-content">Reporter output for CrossBrowserSuite</span>
          </div> <!-- main-panel-header rounded-window-top -->
          <div class="main-panel-content rounded-window-bottom">
          </div> <!-- main-panel-content rounded-window-bottom -->
        </div> <!-- panel -->
        <div panel-name="ignored-methods-CrossBrowserSuite" class="panel">
          <div class="main-panel-header rounded-window-top">
            <span class="header-content">0 ignored methods</span>
          </div> <!-- main-panel-header rounded-window-top -->
          <div class="main-panel-content rounded-window-bottom">
          </div> <!-- main-panel-content rounded-window-bottom -->
        </div> <!-- panel -->
        <div panel-name="chronological-CrossBrowserSuite" class="panel">
          <div class="main-panel-header rounded-window-top">
            <span class="header-content">Methods in chronological order</span>
          </div> <!-- main-panel-header rounded-window-top -->
          <div class="main-panel-content rounded-window-bottom">
            <div class="chronological-class">
              <div class="chronological-class-name">TestCases.herokuapp_Local</div> <!-- chronological-class-name -->
              <div class="configuration-suite before">
                <span class="method-name">setupReport</span>
                <span class="method-start">0 ms</span>
              </div> <!-- configuration-suite before -->
              <div class="configuration-method before">
                <span class="method-name">setup(chrome, latest, local, public void TestCases.herokuapp_Local.TestLogin(java.lang.String,java.lang.St...)</span>
                <span class="method-start">309 ms</span>
              </div> <!-- configuration-method before -->
              <div class="configuration-method before">
                <span class="method-name">setup(Firefox, latest, local, public void TestCases.herokuapp_Local.TestLogin(java.lang.String,java.lang.S...)</span>
                <span class="method-start">309 ms</span>
              </div> <!-- configuration-method before -->
              <div class="configuration-method before">
                <span class="method-name">setup(edge, latest, local, public void TestCases.herokuapp_Local.TestLogin(java.lang.String,java.lang.Stri...)</span>
                <span class="method-start">310 ms</span>
              </div> <!-- configuration-method before -->
              <div class="test-method">
                <span class="method-name">TestLogin(tomsmith, SuperSecretPassword!)</span>
                <span class="method-start">4971 ms</span>
              </div> <!-- test-method -->
              <div class="test-method">
                <span class="method-name">TestLogin(tomsmith, SuperSecretPassword!)</span>
                <span class="method-start">7044 ms</span>
              </div> <!-- test-method -->
              <div class="test-method">
                <span class="method-name">TestLogin(tomsmith, SuperSecretPassword!)</span>
                <span class="method-start">8159 ms</span>
              </div> <!-- test-method -->
              <div class="configuration-method after">
                <span class="method-name">teardown([TestResult name=TestLogin status=SUCCESS method=herokuapp_Local.TestLogin(java.lang.String,java.lan...)</span>
                <span class="method-start">9789 ms</span>
              </div> <!-- configuration-method after -->
              <div class="configuration-method before">
                <span class="method-name">setup(chrome, latest, local, public void TestCases.herokuapp_Local.TestLogin(java.lang.String,java.lang.St...)</span>
                <span class="method-start">9994 ms</span>
              </div> <!-- configuration-method before -->
              <div class="configuration-method after">
                <span class="method-name">teardown([TestResult name=TestLogin status=SUCCESS method=herokuapp_Local.TestLogin(java.lang.String,java.lan...)</span>
                <span class="method-start">12597 ms</span>
              </div> <!-- configuration-method after -->
              <div class="test-method">
                <span class="method-name">TestLogin(tomsmith, SuperSecretPassword!)</span>
                <span class="method-start">12635 ms</span>
              </div> <!-- test-method -->
              <div class="configuration-method before">
                <span class="method-name">setup(edge, latest, local, public void TestCases.herokuapp_Local.TestLogin(java.lang.String,java.lang.Stri...)</span>
                <span class="method-start">13001 ms</span>
              </div> <!-- configuration-method before -->
              <div class="configuration-method after">
                <span class="method-name">teardown([TestResult name=TestLogin status=SUCCESS method=herokuapp_Local.TestLogin(java.lang.String,java.lan...)</span>
                <span class="method-start">13986 ms</span>
              </div> <!-- configuration-method after -->
              <div class="test-method">
                <span class="method-name">TestLogin(tomsmith, SuperSecretPassword!)</span>
                <span class="method-start">14135 ms</span>
              </div> <!-- test-method -->
              <div class="configuration-method before">
                <img src="failed.png">
                </img>
                <span class="method-name">setup(Firefox, latest, local, public void TestCases.herokuapp_Local.TestLogin(java.lang.String,java.lang.S...)</span>
                <span class="method-start">15089 ms</span>
              </div> <!-- configuration-method before -->
              <div class="test-method">
                <span class="method-name">TestLogin(tomsmith, SuperSecretPassword!)</span>
                <span class="method-start">17443 ms</span>
              </div> <!-- test-method -->
              <div class="configuration-method after">
                <span class="method-name">teardown([TestResult name=TestLogin status=SKIP method=herokuapp_Local.TestLogin(java.lang.String,java.lang.S...)</span>
                <span class="method-start">17444 ms</span>
              </div> <!-- configuration-method after -->
              <div class="configuration-method before">
                <span class="method-name">setup(Firefox, latest, local, public void TestCases.herokuapp_Local.TestLogin(java.lang.String,java.lang.S...)</span>
                <span class="method-start">17445 ms</span>
              </div> <!-- configuration-method before -->
              <div class="configuration-method after">
                <span class="method-name">teardown([TestResult name=TestLogin status=SUCCESS method=herokuapp_Local.TestLogin(java.lang.String,java.lan...)</span>
                <span class="method-start">20735 ms</span>
              </div> <!-- configuration-method after -->
              <div class="configuration-method after">
                <span class="method-name">teardown([TestResult name=TestLogin status=SUCCESS method=herokuapp_Local.TestLogin(java.lang.String,java.lan...)</span>
                <span class="method-start">22696 ms</span>
              </div> <!-- configuration-method after -->
              <div class="test-method">
                <span class="method-name">TestLogin(tomsmith, SuperSecretPassword!)</span>
                <span class="method-start">22757 ms</span>
              </div> <!-- test-method -->
              <div class="configuration-method after">
                <span class="method-name">teardown([TestResult name=TestLogin status=SKIP method=herokuapp_Local.TestLogin(java.lang.String,java.lang.S...)</span>
                <span class="method-start">22758 ms</span>
              </div> <!-- configuration-method after -->
              <div class="configuration-method before">
                <span class="method-name">setup(Firefox, latest, local, public void TestCases.herokuapp_Local.TestLogin(java.lang.String,java.lang.S...)</span>
                <span class="method-start">24765 ms</span>
              </div> <!-- configuration-method before -->
              <div class="configuration-method before">
                <span class="method-name">setup(edge, latest, local, public void TestCases.herokuapp_Local.TestLogin(java.lang.String,java.lang.Stri...)</span>
                <span class="method-start">25324 ms</span>
              </div> <!-- configuration-method before -->
              <div class="configuration-method before">
                <span class="method-name">setup(chrome, latest, local, public void TestCases.herokuapp_Local.TestLogin(java.lang.String,java.lang.St...)</span>
                <span class="method-start">25327 ms</span>
              </div> <!-- configuration-method before -->
              <div class="test-method">
                <span class="method-name">TestLogin(tomsmith, SuperSecretPassword!)</span>
                <span class="method-start">27382 ms</span>
              </div> <!-- test-method -->
              <div class="test-method">
                <span class="method-name">TestLogin(tomsmith, SuperSecretPassword!)</span>
                <span class="method-start">27412 ms</span>
              </div> <!-- test-method -->
              <div class="test-method">
                <span class="method-name">TestLogin(username, password)</span>
                <span class="method-start">28589 ms</span>
              </div> <!-- test-method -->
              <div class="configuration-method after">
                <span class="method-name">teardown([TestResult name=TestLogin status=SKIP method=herokuapp_Local.TestLogin(java.lang.String,java.lang.S...)</span>
                <span class="method-start">28590 ms</span>
              </div> <!-- configuration-method after -->
              <div class="configuration-method before">
                <span class="method-name">setup(Firefox, latest, local, public void TestCases.herokuapp_Local.inValidLogin())</span>
                <span class="method-start">29624 ms</span>
              </div> <!-- configuration-method before -->
              <div class="configuration-method after">
                <span class="method-name">teardown([TestResult name=inValidLogin status=SKIP method=herokuapp_Local.inValidLogin()[pri:2, instance:Test...)</span>
                <span class="method-start">31457 ms</span>
              </div> <!-- configuration-method after -->
              <div class="configuration-method before">
                <span class="method-name">setup(Firefox, latest, local, public void TestCases.herokuapp_Local.JsAlert())</span>
                <span class="method-start">32349 ms</span>
              </div> <!-- configuration-method before -->
              <div class="configuration-method after">
                <span class="method-name">teardown([TestResult name=TestLogin status=SUCCESS method=herokuapp_Local.TestLogin(java.lang.String,java.lan...)</span>
                <span class="method-start">33586 ms</span>
              </div> <!-- configuration-method after -->
              <div class="configuration-method before">
                <span class="method-name">setup(chrome, latest, local, public void TestCases.herokuapp_Local.TestLogin(java.lang.String,java.lang.St...)</span>
                <span class="method-start">33734 ms</span>
              </div> <!-- configuration-method before -->
              <div class="configuration-method after">
                <span class="method-name">teardown([TestResult name=JsAlert status=SKIP method=herokuapp_Local.JsAlert()[pri:3, instance:TestCases.hero...)</span>
                <span class="method-start">34926 ms</span>
              </div> <!-- configuration-method after -->
              <div class="test-method">
                <span class="method-name">TestLogin(username, password)</span>
                <span class="method-start">35265 ms</span>
              </div> <!-- test-method -->
              <div class="configuration-method after">
                <span class="method-name">teardown([TestResult name=TestLogin status=SUCCESS method=herokuapp_Local.TestLogin(java.lang.String,java.lan...)</span>
                <span class="method-start">36334 ms</span>
              </div> <!-- configuration-method after -->
              <div class="configuration-method before">
                <span class="method-name">setup(Firefox, latest, local, public void TestCases.herokuapp_Local.searchGoogle())</span>
                <span class="method-start">36451 ms</span>
              </div> <!-- configuration-method before -->
              <div class="configuration-method before">
                <span class="method-name">setup(edge, latest, local, public void TestCases.herokuapp_Local.TestLogin(java.lang.String,java.lang.Stri...)</span>
                <span class="method-start">36555 ms</span>
              </div> <!-- configuration-method before -->
              <div class="test-method">
                <span class="method-name">TestLogin(username, password)</span>
                <span class="method-start">37675 ms</span>
              </div> <!-- test-method -->
              <div class="configuration-method after">
                <span class="method-name">teardown([TestResult name=searchGoogle status=SKIP method=herokuapp_Local.searchGoogle()[pri:4, instance:Test...)</span>
                <span class="method-start">39600 ms</span>
              </div> <!-- configuration-method after -->
              <div class="configuration-method after">
                <span class="method-name">teardown([TestResult name=TestLogin status=SUCCESS method=herokuapp_Local.TestLogin(java.lang.String,java.lan...)</span>
                <span class="method-start">39706 ms</span>
              </div> <!-- configuration-method after -->
              <div class="configuration-method before">
                <span class="method-name">setup(chrome, latest, local, public void TestCases.herokuapp_Local.inValidLogin())</span>
                <span class="method-start">39857 ms</span>
              </div> <!-- configuration-method before -->
              <div class="test-method">
                <span class="method-name">inValidLogin</span>
                <span class="method-start">40714 ms</span>
              </div> <!-- test-method -->
              <div class="configuration-method after">
                <span class="method-name">teardown([TestResult name=TestLogin status=SUCCESS method=herokuapp_Local.TestLogin(java.lang.String,java.lan...)</span>
                <span class="method-start">43963 ms</span>
              </div> <!-- configuration-method after -->
              <div class="configuration-method before">
                <span class="method-name">setup(edge, latest, local, public void TestCases.herokuapp_Local.inValidLogin())</span>
                <span class="method-start">44091 ms</span>
              </div> <!-- configuration-method before -->
              <div class="test-method">
                <span class="method-name">inValidLogin</span>
                <span class="method-start">44961 ms</span>
              </div> <!-- test-method -->
              <div class="configuration-method after">
                <span class="method-name">teardown([TestResult name=inValidLogin status=SUCCESS method=herokuapp_Local.inValidLogin()[pri:2, instance:T...)</span>
                <span class="method-start">50667 ms</span>
              </div> <!-- configuration-method after -->
              <div class="configuration-method before">
                <span class="method-name">setup(chrome, latest, local, public void TestCases.herokuapp_Local.JsAlert())</span>
                <span class="method-start">50796 ms</span>
              </div> <!-- configuration-method before -->
              <div class="test-method">
                <span class="method-name">JsAlert</span>
                <span class="method-start">51655 ms</span>
              </div> <!-- test-method -->
              <div class="configuration-method after">
                <span class="method-name">teardown([TestResult name=inValidLogin status=SUCCESS method=herokuapp_Local.inValidLogin()[pri:2, instance:T...)</span>
                <span class="method-start">52468 ms</span>
              </div> <!-- configuration-method after -->
              <div class="configuration-method before">
                <span class="method-name">setup(edge, latest, local, public void TestCases.herokuapp_Local.JsAlert())</span>
                <span class="method-start">52595 ms</span>
              </div> <!-- configuration-method before -->
              <div class="test-method">
                <span class="method-name">JsAlert</span>
                <span class="method-start">53450 ms</span>
              </div> <!-- test-method -->
              <div class="configuration-method after">
                <span class="method-name">teardown([TestResult name=JsAlert status=SUCCESS method=herokuapp_Local.JsAlert()[pri:3, instance:TestCases.h...)</span>
                <span class="method-start">55806 ms</span>
              </div> <!-- configuration-method after -->
              <div class="configuration-method before">
                <span class="method-name">setup(chrome, latest, local, public void TestCases.herokuapp_Local.searchGoogle())</span>
                <span class="method-start">55901 ms</span>
              </div> <!-- configuration-method before -->
              <div class="test-method">
                <span class="method-name">searchGoogle</span>
                <span class="method-start">56679 ms</span>
              </div> <!-- test-method -->
              <div class="configuration-method after">
                <span class="method-name">teardown([TestResult name=searchGoogle status=SUCCESS method=herokuapp_Local.searchGoogle()[pri:4, instance:T...)</span>
                <span class="method-start">58436 ms</span>
              </div> <!-- configuration-method after -->
              <div class="configuration-method after">
                <span class="method-name">teardown([TestResult name=JsAlert status=SUCCESS method=herokuapp_Local.JsAlert()[pri:3, instance:TestCases.h...)</span>
                <span class="method-start">59006 ms</span>
              </div> <!-- configuration-method after -->
              <div class="configuration-method before">
                <span class="method-name">setup(edge, latest, local, public void TestCases.herokuapp_Local.searchGoogle())</span>
                <span class="method-start">59140 ms</span>
              </div> <!-- configuration-method before -->
              <div class="test-method">
                <span class="method-name">searchGoogle</span>
                <span class="method-start">59938 ms</span>
              </div> <!-- test-method -->
              <div class="configuration-method after">
                <span class="method-name">teardown([TestResult name=searchGoogle status=SUCCESS method=herokuapp_Local.searchGoogle()[pri:4, instance:T...)</span>
                <span class="method-start">61637 ms</span>
              </div> <!-- configuration-method after -->
              <div class="configuration-suite after">
                <span class="method-name">generateReport</span>
                <span class="method-start">61772 ms</span>
              </div> <!-- configuration-suite after -->
          </div> <!-- main-panel-content rounded-window-bottom -->
        </div> <!-- panel -->
      </div> <!-- main-panel-root -->
    </div> <!-- wrapper -->
  </body>
<script type="text/javascript" src="testng-reports2.js"></script>
</html>
