<?xml version="1.0" encoding="UTF-8"?>
<!-- Generated by org.testng.reporters.JUnitXMLReporter -->
<testsuite ignored="0" hostname="Nishkarsh" failures="0" tests="7" name="edgeTest" time="48.567" errors="0" timestamp="2025-06-23T16:57:10 IST">
  <testcase classname="Base.BaseClassLocal" name="@BeforeMethod setup" time="0.626">
    <failure type="java.lang.RuntimeException" message="Browser setup failed for: safari">
      <![CDATA[java.lang.RuntimeException: Browser setup failed for: safari
at Base.BaseClassLocal.setup(BaseClassLocal.java:125)
at java.base/java.util.ArrayList.forEach(ArrayList.java:1596)
at java.base/java.util.concurrent.FutureTask.run(FutureTask.java:317)
at java.base/java.util.concurrent.ThreadPoolExecutor.runWorker(ThreadPoolExecutor.java:1144)
at java.base/java.util.concurrent.ThreadPoolExecutor$Worker.run(ThreadPoolExecutor.java:642)
at java.base/java.lang.Thread.run(Thread.java:1583)
Caused by: org.openqa.selenium.remote.NoSuchDriverException: Unable to obtain: safaridriver, error Command failed with code: 65, executed: [--browser, safari, --language-binding, java, --output, json]
safaridriver not available for download
Build info: version: '4.28.1', revision: '73f5ad48a2'
System info: os.name: 'Windows 11', os.arch: 'amd64', os.version: '10.0', java.version: '21.0.2'
Driver info: driver.version: SafariDriver
at org.openqa.selenium.remote.service.DriverFinder.getBinaryPaths(DriverFinder.java:121)
at org.openqa.selenium.remote.service.DriverFinder.getDriverPath(DriverFinder.java:55)
at org.openqa.selenium.safari.SafariDriver.generateExecutor(SafariDriver.java:95)
at org.openqa.selenium.safari.SafariDriver.<init>(SafariDriver.java:84)
at org.openqa.selenium.safari.SafariDriver.<init>(SafariDriver.java:80)
at org.openqa.selenium.safari.SafariDriver.<init>(SafariDriver.java:57)
at Base.BaseClassLocal.setup(BaseClassLocal.java:110)
... 24 more
Caused by: org.openqa.selenium.WebDriverException: Command failed with code: 65, executed: [--browser, safari, --language-binding, java, --output, json]
safaridriver not available for download
Build info: version: '4.28.1', revision: '73f5ad48a2'
System info: os.name: 'Windows 11', os.arch: 'amd64', os.version: '10.0', java.version: '21.0.2'
Driver info: driver.version: SafariDriver
at org.openqa.selenium.manager.SeleniumManager.runCommand(SeleniumManager.java:173)
at org.openqa.selenium.manager.SeleniumManager.getBinaryPaths(SeleniumManager.java:254)
at org.openqa.selenium.remote.service.DriverFinder.getBinaryPaths(DriverFinder.java:102)
... 30 more
... Removed 19 stack frames]]>
    </failure>
  </testcase> <!-- @BeforeMethod setup -->
  <testcase classname="Base.BaseClassLocal" name="@BeforeMethod setup" time="0.364">
    <failure type="java.lang.RuntimeException" message="Browser setup failed for: safari">
      <![CDATA[java.lang.RuntimeException: Browser setup failed for: safari
at Base.BaseClassLocal.setup(BaseClassLocal.java:125)
at java.base/java.util.ArrayList.forEach(ArrayList.java:1596)
at java.base/java.util.concurrent.FutureTask.run(FutureTask.java:317)
at java.base/java.util.concurrent.ThreadPoolExecutor.runWorker(ThreadPoolExecutor.java:1144)
at java.base/java.util.concurrent.ThreadPoolExecutor$Worker.run(ThreadPoolExecutor.java:642)
at java.base/java.lang.Thread.run(Thread.java:1583)
Caused by: org.openqa.selenium.remote.NoSuchDriverException: Unable to obtain: safaridriver, error Command failed with code: 65, executed: [--browser, safari, --language-binding, java, --output, json]
safaridriver not available for download
Build info: version: '4.28.1', revision: '73f5ad48a2'
System info: os.name: 'Windows 11', os.arch: 'amd64', os.version: '10.0', java.version: '21.0.2'
Driver info: driver.version: SafariDriver
at org.openqa.selenium.remote.service.DriverFinder.getBinaryPaths(DriverFinder.java:121)
at org.openqa.selenium.remote.service.DriverFinder.getDriverPath(DriverFinder.java:55)
at org.openqa.selenium.safari.SafariDriver.generateExecutor(SafariDriver.java:95)
at org.openqa.selenium.safari.SafariDriver.<init>(SafariDriver.java:84)
at org.openqa.selenium.safari.SafariDriver.<init>(SafariDriver.java:80)
at org.openqa.selenium.safari.SafariDriver.<init>(SafariDriver.java:57)
at Base.BaseClassLocal.setup(BaseClassLocal.java:110)
... 24 more
Caused by: org.openqa.selenium.WebDriverException: Command failed with code: 65, executed: [--browser, safari, --language-binding, java, --output, json]
safaridriver not available for download
Build info: version: '4.28.1', revision: '73f5ad48a2'
System info: os.name: 'Windows 11', os.arch: 'amd64', os.version: '10.0', java.version: '21.0.2'
Driver info: driver.version: SafariDriver
at org.openqa.selenium.manager.SeleniumManager.runCommand(SeleniumManager.java:173)
at org.openqa.selenium.manager.SeleniumManager.getBinaryPaths(SeleniumManager.java:254)
at org.openqa.selenium.remote.service.DriverFinder.getBinaryPaths(DriverFinder.java:102)
... 30 more
... Removed 19 stack frames]]>
    </failure>
  </testcase> <!-- @BeforeMethod setup -->
  <testcase classname="Base.BaseClassLocal" name="@BeforeMethod setup" time="0.32">
    <failure type="java.lang.RuntimeException" message="Browser setup failed for: safari">
      <![CDATA[java.lang.RuntimeException: Browser setup failed for: safari
at Base.BaseClassLocal.setup(BaseClassLocal.java:125)
at java.base/java.util.ArrayList.forEach(ArrayList.java:1596)
at java.base/java.util.concurrent.FutureTask.run(FutureTask.java:317)
at java.base/java.util.concurrent.ThreadPoolExecutor.runWorker(ThreadPoolExecutor.java:1144)
at java.base/java.util.concurrent.ThreadPoolExecutor$Worker.run(ThreadPoolExecutor.java:642)
at java.base/java.lang.Thread.run(Thread.java:1583)
Caused by: org.openqa.selenium.remote.NoSuchDriverException: Unable to obtain: safaridriver, error Command failed with code: 65, executed: [--browser, safari, --language-binding, java, --output, json]
safaridriver not available for download
Build info: version: '4.28.1', revision: '73f5ad48a2'
System info: os.name: 'Windows 11', os.arch: 'amd64', os.version: '10.0', java.version: '21.0.2'
Driver info: driver.version: SafariDriver
at org.openqa.selenium.remote.service.DriverFinder.getBinaryPaths(DriverFinder.java:121)
at org.openqa.selenium.remote.service.DriverFinder.getDriverPath(DriverFinder.java:55)
at org.openqa.selenium.safari.SafariDriver.generateExecutor(SafariDriver.java:95)
at org.openqa.selenium.safari.SafariDriver.<init>(SafariDriver.java:84)
at org.openqa.selenium.safari.SafariDriver.<init>(SafariDriver.java:80)
at org.openqa.selenium.safari.SafariDriver.<init>(SafariDriver.java:57)
at Base.BaseClassLocal.setup(BaseClassLocal.java:110)
... 24 more
Caused by: org.openqa.selenium.WebDriverException: Command failed with code: 65, executed: [--browser, safari, --language-binding, java, --output, json]
safaridriver not available for download
Build info: version: '4.28.1', revision: '73f5ad48a2'
System info: os.name: 'Windows 11', os.arch: 'amd64', os.version: '10.0', java.version: '21.0.2'
Driver info: driver.version: SafariDriver
at org.openqa.selenium.manager.SeleniumManager.runCommand(SeleniumManager.java:173)
at org.openqa.selenium.manager.SeleniumManager.getBinaryPaths(SeleniumManager.java:254)
at org.openqa.selenium.remote.service.DriverFinder.getBinaryPaths(DriverFinder.java:102)
... 30 more
... Removed 19 stack frames]]>
    </failure>
  </testcase> <!-- @BeforeMethod setup -->
  <testcase classname="Base.BaseClassLocal" name="@BeforeMethod setup" time="0.293">
    <failure type="java.lang.RuntimeException" message="Browser setup failed for: safari">
      <![CDATA[java.lang.RuntimeException: Browser setup failed for: safari
at Base.BaseClassLocal.setup(BaseClassLocal.java:125)
at java.base/java.util.ArrayList.forEach(ArrayList.java:1596)
at java.base/java.util.concurrent.FutureTask.run(FutureTask.java:317)
at java.base/java.util.concurrent.ThreadPoolExecutor.runWorker(ThreadPoolExecutor.java:1144)
at java.base/java.util.concurrent.ThreadPoolExecutor$Worker.run(ThreadPoolExecutor.java:642)
at java.base/java.lang.Thread.run(Thread.java:1583)
Caused by: org.openqa.selenium.remote.NoSuchDriverException: Unable to obtain: safaridriver, error Command failed with code: 65, executed: [--browser, safari, --language-binding, java, --output, json]
safaridriver not available for download
Build info: version: '4.28.1', revision: '73f5ad48a2'
System info: os.name: 'Windows 11', os.arch: 'amd64', os.version: '10.0', java.version: '21.0.2'
Driver info: driver.version: SafariDriver
at org.openqa.selenium.remote.service.DriverFinder.getBinaryPaths(DriverFinder.java:121)
at org.openqa.selenium.remote.service.DriverFinder.getDriverPath(DriverFinder.java:55)
at org.openqa.selenium.safari.SafariDriver.generateExecutor(SafariDriver.java:95)
at org.openqa.selenium.safari.SafariDriver.<init>(SafariDriver.java:84)
at org.openqa.selenium.safari.SafariDriver.<init>(SafariDriver.java:80)
at org.openqa.selenium.safari.SafariDriver.<init>(SafariDriver.java:57)
at Base.BaseClassLocal.setup(BaseClassLocal.java:110)
... 24 more
Caused by: org.openqa.selenium.WebDriverException: Command failed with code: 65, executed: [--browser, safari, --language-binding, java, --output, json]
safaridriver not available for download
Build info: version: '4.28.1', revision: '73f5ad48a2'
System info: os.name: 'Windows 11', os.arch: 'amd64', os.version: '10.0', java.version: '21.0.2'
Driver info: driver.version: SafariDriver
at org.openqa.selenium.manager.SeleniumManager.runCommand(SeleniumManager.java:173)
at org.openqa.selenium.manager.SeleniumManager.getBinaryPaths(SeleniumManager.java:254)
at org.openqa.selenium.remote.service.DriverFinder.getBinaryPaths(DriverFinder.java:102)
... 30 more
... Removed 19 stack frames]]>
    </failure>
  </testcase> <!-- @BeforeMethod setup -->
  <testcase classname="Base.BaseClassLocal" name="@BeforeMethod setup" time="0.233">
    <failure type="java.lang.RuntimeException" message="Browser setup failed for: safari">
      <![CDATA[java.lang.RuntimeException: Browser setup failed for: safari
at Base.BaseClassLocal.setup(BaseClassLocal.java:125)
at java.base/java.util.ArrayList.forEach(ArrayList.java:1596)
at java.base/java.util.concurrent.FutureTask.run(FutureTask.java:317)
at java.base/java.util.concurrent.ThreadPoolExecutor.runWorker(ThreadPoolExecutor.java:1144)
at java.base/java.util.concurrent.ThreadPoolExecutor$Worker.run(ThreadPoolExecutor.java:642)
at java.base/java.lang.Thread.run(Thread.java:1583)
Caused by: org.openqa.selenium.remote.NoSuchDriverException: Unable to obtain: safaridriver, error Command failed with code: 65, executed: [--browser, safari, --language-binding, java, --output, json]
safaridriver not available for download
Build info: version: '4.28.1', revision: '73f5ad48a2'
System info: os.name: 'Windows 11', os.arch: 'amd64', os.version: '10.0', java.version: '21.0.2'
Driver info: driver.version: SafariDriver
at org.openqa.selenium.remote.service.DriverFinder.getBinaryPaths(DriverFinder.java:121)
at org.openqa.selenium.remote.service.DriverFinder.getDriverPath(DriverFinder.java:55)
at org.openqa.selenium.safari.SafariDriver.generateExecutor(SafariDriver.java:95)
at org.openqa.selenium.safari.SafariDriver.<init>(SafariDriver.java:84)
at org.openqa.selenium.safari.SafariDriver.<init>(SafariDriver.java:80)
at org.openqa.selenium.safari.SafariDriver.<init>(SafariDriver.java:57)
at Base.BaseClassLocal.setup(BaseClassLocal.java:110)
... 24 more
Caused by: org.openqa.selenium.WebDriverException: Command failed with code: 65, executed: [--browser, safari, --language-binding, java, --output, json]
safaridriver not available for download
Build info: version: '4.28.1', revision: '73f5ad48a2'
System info: os.name: 'Windows 11', os.arch: 'amd64', os.version: '10.0', java.version: '21.0.2'
Driver info: driver.version: SafariDriver
at org.openqa.selenium.manager.SeleniumManager.runCommand(SeleniumManager.java:173)
at org.openqa.selenium.manager.SeleniumManager.getBinaryPaths(SeleniumManager.java:254)
at org.openqa.selenium.remote.service.DriverFinder.getBinaryPaths(DriverFinder.java:102)
... 30 more
... Removed 19 stack frames]]>
    </failure>
  </testcase> <!-- @BeforeMethod setup -->
  <testcase classname="Base.BaseClassLocal" name="@BeforeMethod setup" time="0.223">
    <failure type="java.lang.RuntimeException" message="Browser setup failed for: safari">
      <![CDATA[java.lang.RuntimeException: Browser setup failed for: safari
at Base.BaseClassLocal.setup(BaseClassLocal.java:125)
at java.base/java.util.ArrayList.forEach(ArrayList.java:1596)
at java.base/java.util.concurrent.FutureTask.run(FutureTask.java:317)
at java.base/java.util.concurrent.ThreadPoolExecutor.runWorker(ThreadPoolExecutor.java:1144)
at java.base/java.util.concurrent.ThreadPoolExecutor$Worker.run(ThreadPoolExecutor.java:642)
at java.base/java.lang.Thread.run(Thread.java:1583)
Caused by: org.openqa.selenium.remote.NoSuchDriverException: Unable to obtain: safaridriver, error Command failed with code: 65, executed: [--browser, safari, --language-binding, java, --output, json]
safaridriver not available for download
Build info: version: '4.28.1', revision: '73f5ad48a2'
System info: os.name: 'Windows 11', os.arch: 'amd64', os.version: '10.0', java.version: '21.0.2'
Driver info: driver.version: SafariDriver
at org.openqa.selenium.remote.service.DriverFinder.getBinaryPaths(DriverFinder.java:121)
at org.openqa.selenium.remote.service.DriverFinder.getDriverPath(DriverFinder.java:55)
at org.openqa.selenium.safari.SafariDriver.generateExecutor(SafariDriver.java:95)
at org.openqa.selenium.safari.SafariDriver.<init>(SafariDriver.java:84)
at org.openqa.selenium.safari.SafariDriver.<init>(SafariDriver.java:80)
at org.openqa.selenium.safari.SafariDriver.<init>(SafariDriver.java:57)
at Base.BaseClassLocal.setup(BaseClassLocal.java:110)
... 24 more
Caused by: org.openqa.selenium.WebDriverException: Command failed with code: 65, executed: [--browser, safari, --language-binding, java, --output, json]
safaridriver not available for download
Build info: version: '4.28.1', revision: '73f5ad48a2'
System info: os.name: 'Windows 11', os.arch: 'amd64', os.version: '10.0', java.version: '21.0.2'
Driver info: driver.version: SafariDriver
at org.openqa.selenium.manager.SeleniumManager.runCommand(SeleniumManager.java:173)
at org.openqa.selenium.manager.SeleniumManager.getBinaryPaths(SeleniumManager.java:254)
at org.openqa.selenium.remote.service.DriverFinder.getBinaryPaths(DriverFinder.java:102)
... 30 more
... Removed 19 stack frames]]>
    </failure>
  </testcase> <!-- @BeforeMethod setup -->
  <testcase classname="Base.BaseClassLocal" name="@BeforeMethod setup" time="0.221">
    <failure type="java.lang.RuntimeException" message="Browser setup failed for: safari">
      <![CDATA[java.lang.RuntimeException: Browser setup failed for: safari
at Base.BaseClassLocal.setup(BaseClassLocal.java:125)
at java.base/java.util.ArrayList.forEach(ArrayList.java:1596)
at java.base/java.util.concurrent.FutureTask.run(FutureTask.java:317)
at java.base/java.util.concurrent.ThreadPoolExecutor.runWorker(ThreadPoolExecutor.java:1144)
at java.base/java.util.concurrent.ThreadPoolExecutor$Worker.run(ThreadPoolExecutor.java:642)
at java.base/java.lang.Thread.run(Thread.java:1583)
Caused by: org.openqa.selenium.remote.NoSuchDriverException: Unable to obtain: safaridriver, error Command failed with code: 65, executed: [--browser, safari, --language-binding, java, --output, json]
safaridriver not available for download
Build info: version: '4.28.1', revision: '73f5ad48a2'
System info: os.name: 'Windows 11', os.arch: 'amd64', os.version: '10.0', java.version: '21.0.2'
Driver info: driver.version: SafariDriver
at org.openqa.selenium.remote.service.DriverFinder.getBinaryPaths(DriverFinder.java:121)
at org.openqa.selenium.remote.service.DriverFinder.getDriverPath(DriverFinder.java:55)
at org.openqa.selenium.safari.SafariDriver.generateExecutor(SafariDriver.java:95)
at org.openqa.selenium.safari.SafariDriver.<init>(SafariDriver.java:84)
at org.openqa.selenium.safari.SafariDriver.<init>(SafariDriver.java:80)
at org.openqa.selenium.safari.SafariDriver.<init>(SafariDriver.java:57)
at Base.BaseClassLocal.setup(BaseClassLocal.java:110)
... 24 more
Caused by: org.openqa.selenium.WebDriverException: Command failed with code: 65, executed: [--browser, safari, --language-binding, java, --output, json]
safaridriver not available for download
Build info: version: '4.28.1', revision: '73f5ad48a2'
System info: os.name: 'Windows 11', os.arch: 'amd64', os.version: '10.0', java.version: '21.0.2'
Driver info: driver.version: SafariDriver
at org.openqa.selenium.manager.SeleniumManager.runCommand(SeleniumManager.java:173)
at org.openqa.selenium.manager.SeleniumManager.getBinaryPaths(SeleniumManager.java:254)
at org.openqa.selenium.remote.service.DriverFinder.getBinaryPaths(DriverFinder.java:102)
... 30 more
... Removed 19 stack frames]]>
    </failure>
  </testcase> <!-- @BeforeMethod setup -->
  <testcase classname="TestCases.herokuapp_Local" name="ValidLogin" time="5.072"/>
  <testcase classname="TestCases.herokuapp_Local" name="ValidLogin" time="5.158"/>
  <testcase classname="TestCases.herokuapp_Local" name="ValidLogin" time="4.981"/>
  <testcase classname="TestCases.herokuapp_Local" name="ValidLogin" time="5.629"/>
  <testcase classname="TestCases.herokuapp_Local" name="ValidLogin" time="5.087"/>
  <testcase classname="TestCases.herokuapp_Local" name="inValidLogin" time="5.097"/>
  <testcase classname="TestCases.herokuapp_Local" name="JsAlert" time="4.357"/>
</testsuite> <!-- edgeTest -->
