<?xml version="1.0" encoding="UTF-8"?>
<!-- Generated by org.testng.reporters.JUnitReportReporter -->
<testsuite hostname="mukesh" failures="0" tests="22" name="TestCases.herokuapp_Local" time="160.363" errors="1" timestamp="2025-06-29T12:53:32 IST" skipped="6">
  <testcase classname="TestCases.herokuapp_Local" name="setup" time="6.168">
    <error message="Browser setup failed for: Firefox" type="java.lang.RuntimeException">
      <![CDATA[java.lang.RuntimeException: Browser setup failed for: Firefox
at Base.BaseClassLocal.setup(BaseClassLocal.java:115)
at java.base/jdk.internal.reflect.DirectMethodHandleAccessor.invoke(DirectMethodHandleAccessor.java:103)
at java.base/java.lang.reflect.Method.invoke(Method.java:580)
at org.testng.internal.invokers.MethodInvocationHelper.invokeMethod(MethodInvocationHelper.java:139)
at org.testng.internal.invokers.MethodInvocationHelper.invokeMethodConsideringTimeout(MethodInvocationHelper.java:69)
at org.testng.internal.invokers.ConfigInvoker.invokeConfigurationMethod(ConfigInvoker.java:393)
at org.testng.internal.invokers.ConfigInvoker.invokeConfigurations(ConfigInvoker.java:326)
at org.testng.internal.invokers.TestInvoker.runConfigMethods(TestInvoker.java:810)
at org.testng.internal.invokers.TestInvoker.invokeMethod(TestInvoker.java:578)
at org.testng.internal.invokers.TestInvoker.invokeTestMethod(TestInvoker.java:228)
at org.testng.internal.invokers.MethodRunner.runInSequence(MethodRunner.java:63)
at org.testng.internal.invokers.TestInvoker$MethodInvocationAgent.invoke(TestInvoker.java:961)
at org.testng.internal.invokers.TestInvoker.invokeTestMethods(TestInvoker.java:201)
at org.testng.internal.invokers.TestMethodWorker.invokeTestMethods(TestMethodWorker.java:148)
at org.testng.internal.invokers.TestMethodWorker.run(TestMethodWorker.java:128)
at java.base/java.util.ArrayList.forEach(ArrayList.java:1596)
at org.testng.TestRunner.privateRun(TestRunner.java:819)
at org.testng.TestRunner.run(TestRunner.java:619)
at org.testng.SuiteRunner.runTest(SuiteRunner.java:443)
at org.testng.SuiteRunner$SuiteWorker.run(SuiteRunner.java:481)
at org.testng.internal.thread.ThreadUtil.lambda$execute$0(ThreadUtil.java:58)
at java.base/java.util.concurrent.FutureTask.run(FutureTask.java:317)
at java.base/java.util.concurrent.ThreadPoolExecutor.runWorker(ThreadPoolExecutor.java:1144)
at java.base/java.util.concurrent.ThreadPoolExecutor$Worker.run(ThreadPoolExecutor.java:642)
at java.base/java.lang.Thread.run(Thread.java:1583)
Caused by: org.openqa.selenium.SessionNotCreatedException: Could not start a new session. Response code 500. Message: Process unexpectedly closed with status 0 
Host info: host: 'MUKESH', ip: '192.168.1.8'
Build info: version: '4.28.1', revision: '73f5ad48a2'
System info: os.name: 'Windows 11', os.arch: 'amd64', os.version: '10.0', java.version: '21.0.6'
Driver info: org.openqa.selenium.firefox.FirefoxDriver
Command: [null, newSession {capabilities=[Capabilities {acceptInsecureCerts: true, browserName: firefox, moz:debuggerAddress: true, moz:firefoxOptions: {args: [--headless, --disable-gpu], prefs: {remote.active-protocols: 3}}}]}]
at org.openqa.selenium.remote.ProtocolHandshake.createSession(ProtocolHandshake.java:114)
at org.openqa.selenium.remote.ProtocolHandshake.createSession(ProtocolHandshake.java:75)
at org.openqa.selenium.remote.ProtocolHandshake.createSession(ProtocolHandshake.java:61)
at org.openqa.selenium.remote.HttpCommandExecutor.execute(HttpCommandExecutor.java:187)
at org.openqa.selenium.remote.service.DriverCommandExecutor.invokeExecute(DriverCommandExecutor.java:216)
at org.openqa.selenium.remote.service.DriverCommandExecutor.execute(DriverCommandExecutor.java:174)
at org.openqa.selenium.remote.RemoteWebDriver.execute(RemoteWebDriver.java:545)
at org.openqa.selenium.remote.RemoteWebDriver.startSession(RemoteWebDriver.java:245)
at org.openqa.selenium.remote.RemoteWebDriver.<init>(RemoteWebDriver.java:174)
at org.openqa.selenium.firefox.FirefoxDriver.<init>(FirefoxDriver.java:155)
at org.openqa.selenium.firefox.FirefoxDriver.<init>(FirefoxDriver.java:150)
at org.openqa.selenium.firefox.FirefoxDriver.<init>(FirefoxDriver.java:132)
at org.openqa.selenium.firefox.FirefoxDriver.<init>(FirefoxDriver.java:127)
at org.openqa.selenium.firefox.FirefoxDriver.<init>(FirefoxDriver.java:112)
at Base.BaseClassLocal.setup(BaseClassLocal.java:91)
... 24 more
]]>
    </error>
  </testcase> <!-- setup -->
  <testcase classname="TestCases.herokuapp_Local" name="TestLogin" time="5.244">
    <skipped/>
  </testcase> <!-- TestLogin -->
  <testcase classname="TestCases.herokuapp_Local" name="TestLogin" time="18.283"/>
  <testcase classname="TestCases.herokuapp_Local" name="TestLogin" time="9.375">
    <skipped/>
  </testcase> <!-- TestLogin -->
  <testcase classname="TestCases.herokuapp_Local" name="TestLogin" time="10.280"/>
  <testcase classname="TestCases.herokuapp_Local" name="TestLogin" time="7.811"/>
  <testcase classname="TestCases.herokuapp_Local" name="TestLogin" time="5.450"/>
  <testcase classname="TestCases.herokuapp_Local" name="TestLogin" time="6.474"/>
  <testcase classname="TestCases.herokuapp_Local" name="TestLogin" time="12.030"/>
  <testcase classname="TestCases.herokuapp_Local" name="TestLogin" time="6.546"/>
  <testcase classname="TestCases.herokuapp_Local" name="TestLogin" time="11.012"/>
  <testcase classname="TestCases.herokuapp_Local" name="TestLogin" time="4.251">
    <skipped/>
  </testcase> <!-- TestLogin -->
  <testcase classname="TestCases.herokuapp_Local" name="TestLogin" time="9.490"/>
  <testcase classname="TestCases.herokuapp_Local" name="inValidLogin" time="11.015"/>
  <testcase classname="TestCases.herokuapp_Local" name="inValidLogin" time="3.608">
    <skipped/>
  </testcase> <!-- inValidLogin -->
  <testcase classname="TestCases.herokuapp_Local" name="inValidLogin" time="8.582"/>
  <testcase classname="TestCases.herokuapp_Local" name="JsAlert" time="6.817"/>
  <testcase classname="TestCases.herokuapp_Local" name="JsAlert" time="5.023"/>
  <testcase classname="TestCases.herokuapp_Local" name="JsAlert" time="0.001">
    <skipped/>
  </testcase> <!-- JsAlert -->
  <testcase classname="TestCases.herokuapp_Local" name="searchGoogle" time="0.000">
    <skipped/>
  </testcase> <!-- searchGoogle -->
  <testcase classname="TestCases.herokuapp_Local" name="searchGoogle" time="8.990"/>
  <testcase classname="TestCases.herokuapp_Local" name="searchGoogle" time="3.913"/>
</testsuite> <!-- TestCases.herokuapp_Local -->
